ERROR - 2025-12-17 16:46:24 --> Error connecting to the database: ErrorException: mysqli::real_connect(): php_network_getaddresses: getaddrinfo for mysql-udqa.railway.internal failed: No such host is known.  in D:\Ruang Algo\www\Backend Vital-health Tracker\vendor\codeigniter4\framework\system\Database\MySQLi\Connection.php:202
Stack trace:
#0 [internal function]: CodeIgniter\Debug\Exceptions->errorHandler(2, 'mysqli::real_co...', 'D:\\Ruang Algo\\w...', 202)
#1 D:\Ruang Algo\www\Backend Vital-health Tracker\vendor\codeigniter4\framework\system\Database\MySQLi\Connection.php(202): mysqli->real_connect('mysql-udqa.rail...', 'root', 'OohGtJNwJWWCiyd...', 'railway', 3306, '', 0)
#2 D:\Ruang Algo\www\Backend Vital-health Tracker\vendor\codeigniter4\framework\system\Database\BaseConnection.php(419): CodeIgniter\Database\MySQLi\Connection->connect(false)
#3 D:\Ruang Algo\www\Backend Vital-health Tracker\vendor\codeigniter4\framework\system\Database\BaseConnection.php(614): CodeIgniter\Database\BaseConnection->initialize()
#4 D:\Ruang Algo\www\Backend Vital-health Tracker\vendor\codeigniter4\framework\system\Database\BaseConnection.php(1525): CodeIgniter\Database\BaseConnection->query('SHOW TABLES FRO...')
#5 D:\Ruang Algo\www\Backend Vital-health Tracker\vendor\codeigniter4\framework\system\Database\BaseConnection.php(1545): CodeIgniter\Database\BaseConnection->listTables()
#6 D:\Ruang Algo\www\Backend Vital-health Tracker\vendor\codeigniter4\framework\system\Database\MigrationRunner.php(766): CodeIgniter\Database\BaseConnection->tableExists('migrations')
#7 D:\Ruang Algo\www\Backend Vital-health Tracker\vendor\codeigniter4\framework\system\Database\MigrationRunner.php(160): CodeIgniter\Database\MigrationRunner->ensureTable()
#8 D:\Ruang Algo\www\Backend Vital-health Tracker\vendor\codeigniter4\framework\system\Commands\Database\Migrate.php(85): CodeIgniter\Database\MigrationRunner->latest(NULL)
#9 D:\Ruang Algo\www\Backend Vital-health Tracker\vendor\codeigniter4\framework\system\CLI\Commands.php(74): CodeIgniter\Commands\Database\Migrate->run(Array)
#10 D:\Ruang Algo\www\Backend Vital-health Tracker\vendor\codeigniter4\framework\system\CLI\Console.php(47): CodeIgniter\CLI\Commands->run('migrate', Array)
#11 D:\Ruang Algo\www\Backend Vital-health Tracker\system\Boot.php(388): CodeIgniter\CLI\Console->run()
#12 D:\Ruang Algo\www\Backend Vital-health Tracker\system\Boot.php(133): CodeIgniter\Boot::runCommand(Object(CodeIgniter\CLI\Console))
#13 D:\Ruang Algo\www\Backend Vital-health Tracker\spark(87): CodeIgniter\Boot::bootSpark(Object(Config\Paths))
#14 {main}

Next mysqli_sql_exception: php_network_getaddresses: getaddrinfo for mysql-udqa.railway.internal failed: No such host is known.  in D:\Ruang Algo\www\Backend Vital-health Tracker\vendor\codeigniter4\framework\system\Database\MySQLi\Connection.php:202
Stack trace:
#0 D:\Ruang Algo\www\Backend Vital-health Tracker\vendor\codeigniter4\framework\system\Database\MySQLi\Connection.php(202): mysqli->real_connect('mysql-udqa.rail...', 'root', 'OohGtJNwJWWCiyd...', 'railway', 3306, '', 0)
#1 D:\Ruang Algo\www\Backend Vital-health Tracker\vendor\codeigniter4\framework\system\Database\BaseConnection.php(419): CodeIgniter\Database\MySQLi\Connection->connect(false)
#2 D:\Ruang Algo\www\Backend Vital-health Tracker\vendor\codeigniter4\framework\system\Database\BaseConnection.php(614): CodeIgniter\Database\BaseConnection->initialize()
#3 D:\Ruang Algo\www\Backend Vital-health Tracker\vendor\codeigniter4\framework\system\Database\BaseConnection.php(1525): CodeIgniter\Database\BaseConnection->query('SHOW TABLES FRO...')
#4 D:\Ruang Algo\www\Backend Vital-health Tracker\vendor\codeigniter4\framework\system\Database\BaseConnection.php(1545): CodeIgniter\Database\BaseConnection->listTables()
#5 D:\Ruang Algo\www\Backend Vital-health Tracker\vendor\codeigniter4\framework\system\Database\MigrationRunner.php(766): CodeIgniter\Database\BaseConnection->tableExists('migrations')
#6 D:\Ruang Algo\www\Backend Vital-health Tracker\vendor\codeigniter4\framework\system\Database\MigrationRunner.php(160): CodeIgniter\Database\MigrationRunner->ensureTable()
#7 D:\Ruang Algo\www\Backend Vital-health Tracker\vendor\codeigniter4\framework\system\Commands\Database\Migrate.php(85): CodeIgniter\Database\MigrationRunner->latest(NULL)
#8 D:\Ruang Algo\www\Backend Vital-health Tracker\vendor\codeigniter4\framework\system\CLI\Commands.php(74): CodeIgniter\Commands\Database\Migrate->run(Array)
#9 D:\Ruang Algo\www\Backend Vital-health Tracker\vendor\codeigniter4\framework\system\CLI\Console.php(47): CodeIgniter\CLI\Commands->run('migrate', Array)
#10 D:\Ruang Algo\www\Backend Vital-health Tracker\system\Boot.php(388): CodeIgniter\CLI\Console->run()
#11 D:\Ruang Algo\www\Backend Vital-health Tracker\system\Boot.php(133): CodeIgniter\Boot::runCommand(Object(CodeIgniter\CLI\Console))
#12 D:\Ruang Algo\www\Backend Vital-health Tracker\spark(87): CodeIgniter\Boot::bootSpark(Object(Config\Paths))
#13 {main}

Next CodeIgniter\Database\Exceptions\DatabaseException: php_network_getaddresses: getaddrinfo for mysql-udqa.railway.internal failed: No such host is known.  in D:\Ruang Algo\www\Backend Vital-health Tracker\vendor\codeigniter4\framework\system\Database\MySQLi\Connection.php:246
Stack trace:
#0 D:\Ruang Algo\www\Backend Vital-health Tracker\vendor\codeigniter4\framework\system\Database\BaseConnection.php(419): CodeIgniter\Database\MySQLi\Connection->connect(false)
#1 D:\Ruang Algo\www\Backend Vital-health Tracker\vendor\codeigniter4\framework\system\Database\BaseConnection.php(614): CodeIgniter\Database\BaseConnection->initialize()
#2 D:\Ruang Algo\www\Backend Vital-health Tracker\vendor\codeigniter4\framework\system\Database\BaseConnection.php(1525): CodeIgniter\Database\BaseConnection->query('SHOW TABLES FRO...')
#3 D:\Ruang Algo\www\Backend Vital-health Tracker\vendor\codeigniter4\framework\system\Database\BaseConnection.php(1545): CodeIgniter\Database\BaseConnection->listTables()
#4 D:\Ruang Algo\www\Backend Vital-health Tracker\vendor\codeigniter4\framework\system\Database\MigrationRunner.php(766): CodeIgniter\Database\BaseConnection->tableExists('migrations')
#5 D:\Ruang Algo\www\Backend Vital-health Tracker\vendor\codeigniter4\framework\system\Database\MigrationRunner.php(160): CodeIgniter\Database\MigrationRunner->ensureTable()
#6 D:\Ruang Algo\www\Backend Vital-health Tracker\vendor\codeigniter4\framework\system\Commands\Database\Migrate.php(85): CodeIgniter\Database\MigrationRunner->latest(NULL)
#7 D:\Ruang Algo\www\Backend Vital-health Tracker\vendor\codeigniter4\framework\system\CLI\Commands.php(74): CodeIgniter\Commands\Database\Migrate->run(Array)
#8 D:\Ruang Algo\www\Backend Vital-health Tracker\vendor\codeigniter4\framework\system\CLI\Console.php(47): CodeIgniter\CLI\Commands->run('migrate', Array)
#9 D:\Ruang Algo\www\Backend Vital-health Tracker\system\Boot.php(388): CodeIgniter\CLI\Console->run()
#10 D:\Ruang Algo\www\Backend Vital-health Tracker\system\Boot.php(133): CodeIgniter\Boot::runCommand(Object(CodeIgniter\CLI\Console))
#11 D:\Ruang Algo\www\Backend Vital-health Tracker\spark(87): CodeIgniter\Boot::bootSpark(Object(Config\Paths))
#12 {main}
